<?xml version="1.0" encoding="UTF-8"?>
<testsuite xmlns:xsi="http://www.w3.org/2001/XMLSchema-instance" xsi:noNamespaceSchemaLocation="https://maven.apache.org/surefire/maven-surefire-plugin/xsd/surefire-test-report.xsd" name="org.sat4j.BugSAT25" time="0.002" tests="3" errors="0" skipped="0" failures="0">
  <properties>
    <property name="awt.toolkit" value="sun.lwawt.macosx.LWCToolkit"/>
    <property name="java.specification.version" value="12"/>
    <property name="sun.jnu.encoding" value="UTF-8"/>
    <property name="java.class.path" value="/Users/saeyoon/Desktop/lectures/2020_S/testing/sat4j/org.sat4j.core/target/test-classes:/Users/saeyoon/Desktop/lectures/2020_S/testing/sat4j/org.sat4j.core/target/classes:/Users/saeyoon/.m2/repository/junit/junit/4.12/junit-4.12.jar:/Users/saeyoon/.m2/repository/org/hamcrest/hamcrest-core/1.3/hamcrest-core-1.3.jar:/Users/saeyoon/.m2/repository/org/mockito/mockito-all/1.9.5/mockito-all-1.9.5.jar:"/>
    <property name="java.vm.vendor" value="Oracle Corporation"/>
    <property name="sun.arch.data.model" value="64"/>
    <property name="java.vendor.url" value="https://java.oracle.com/"/>
    <property name="os.name" value="Mac OS X"/>
    <property name="java.vm.specification.version" value="12"/>
    <property name="sun.java.launcher" value="SUN_STANDARD"/>
    <property name="user.country" value="KR"/>
    <property name="test.pbprefix" value="/Users/saeyoon/Desktop/lectures/2020_S/testing/sat4j/org.sat4j.core/src/test/testfiles/"/>
    <property name="sun.boot.library.path" value="/Library/Java/JavaVirtualMachines/jdk-12.0.2.jdk/Contents/Home/lib"/>
    <property name="sun.java.command" value="/Users/saeyoon/Desktop/lectures/2020_S/testing/sat4j/org.sat4j.core/target/surefire/surefirebooter613415870059045723.jar /Users/saeyoon/Desktop/lectures/2020_S/testing/sat4j/org.sat4j.core/target/surefire 2020-04-20T00-44-33_822-jvmRun2 surefire18170595306532837764tmp surefire_217610853318427819135tmp"/>
    <property name="http.nonProxyHosts" value="local|*.local|169.254/16|*.169.254/16|lx.astxsvc.com|*.lx.astxsvc.com"/>
    <property name="jdk.debug" value="release"/>
    <property name="surefire.test.class.path" value="/Users/saeyoon/Desktop/lectures/2020_S/testing/sat4j/org.sat4j.core/target/test-classes:/Users/saeyoon/Desktop/lectures/2020_S/testing/sat4j/org.sat4j.core/target/classes:/Users/saeyoon/.m2/repository/junit/junit/4.12/junit-4.12.jar:/Users/saeyoon/.m2/repository/org/hamcrest/hamcrest-core/1.3/hamcrest-core-1.3.jar:/Users/saeyoon/.m2/repository/org/mockito/mockito-all/1.9.5/mockito-all-1.9.5.jar:"/>
    <property name="sun.cpu.endian" value="little"/>
    <property name="user.home" value="/Users/saeyoon"/>
    <property name="user.language" value="ko"/>
    <property name="java.specification.vendor" value="Oracle Corporation"/>
    <property name="java.version.date" value="2019-07-16"/>
    <property name="java.home" value="/Library/Java/JavaVirtualMachines/jdk-12.0.2.jdk/Contents/Home"/>
    <property name="file.separator" value="/"/>
    <property name="basedir" value="/Users/saeyoon/Desktop/lectures/2020_S/testing/sat4j/org.sat4j.core"/>
    <property name="java.vm.compressedOopsMode" value="Zero based"/>
    <property name="line.separator" value="&#10;"/>
    <property name="java.vm.specification.vendor" value="Oracle Corporation"/>
    <property name="java.specification.name" value="Java Platform API Specification"/>
    <property name="java.awt.graphicsenv" value="sun.awt.CGraphicsEnvironment"/>
    <property name="test.prefix" value="/Users/saeyoon/Desktop/lectures/2020_S/testing/sat4j/org.sat4j.core/src/test/testfiles/"/>
    <property name="surefire.real.class.path" value="/Users/saeyoon/Desktop/lectures/2020_S/testing/sat4j/org.sat4j.core/target/surefire/surefirebooter613415870059045723.jar"/>
    <property name="sun.management.compiler" value="HotSpot 64-Bit Tiered Compilers"/>
    <property name="ftp.nonProxyHosts" value="local|*.local|169.254/16|*.169.254/16|lx.astxsvc.com|*.lx.astxsvc.com"/>
    <property name="java.runtime.version" value="12.0.2+10"/>
    <property name="user.name" value="saeyoon"/>
    <property name="path.separator" value=":"/>
    <property name="os.version" value="10.14.6"/>
    <property name="java.runtime.name" value="Java(TM) SE Runtime Environment"/>
    <property name="file.encoding" value="UTF-8"/>
    <property name="java.vm.name" value="Java HotSpot(TM) 64-Bit Server VM"/>
    <property name="localRepository" value="/Users/saeyoon/.m2/repository"/>
    <property name="java.vendor.url.bug" value="https://bugreport.java.com/bugreport/"/>
    <property name="java.io.tmpdir" value="/var/folders/tg/kn48gbp90w1fbz5sjr7wn4g00000gn/T/"/>
    <property name="java.version" value="12.0.2"/>
    <property name="user.dir" value="/Users/saeyoon/Desktop/lectures/2020_S/testing/sat4j/org.sat4j.core"/>
    <property name="os.arch" value="x86_64"/>
    <property name="java.vm.specification.name" value="Java Virtual Machine Specification"/>
    <property name="java.library.path" value="/Users/saeyoon/Library/Java/Extensions:/Library/Java/Extensions:/Network/Library/Java/Extensions:/System/Library/Java/Extensions:/usr/lib/java:."/>
    <property name="java.vm.info" value="mixed mode, sharing"/>
    <property name="java.vendor" value="Oracle Corporation"/>
    <property name="java.vm.version" value="12.0.2+10"/>
    <property name="sun.io.unicode.encoding" value="UnicodeBig"/>
    <property name="socksNonProxyHosts" value="local|*.local|169.254/16|*.169.254/16|lx.astxsvc.com|*.lx.astxsvc.com"/>
    <property name="java.class.version" value="56.0"/>
  </properties>
  <testcase name="testReaderFromInstanceReader" classname="org.sat4j.BugSAT25" time="0"/>
  <testcase name="testReaderFromLecteurDimacs" classname="org.sat4j.BugSAT25" time="0"/>
  <testcase name="testReaderFromDimacsReader" classname="org.sat4j.BugSAT25" time="0.001"/>
</testsuite>