<?xml version="1.0" encoding="UTF-8"?>
<testsuite xmlns:xsi="http://www.w3.org/2001/XMLSchema-instance" xsi:noNamespaceSchemaLocation="https://maven.apache.org/surefire/maven-surefire-plugin/xsd/surefire-test-report.xsd" name="org.sat4j.minisat.M2AtLeastTest" time="0.39" tests="98" errors="0" skipped="0" failures="0">
  <properties>
    <property name="awt.toolkit" value="sun.lwawt.macosx.LWCToolkit"/>
    <property name="java.specification.version" value="12"/>
    <property name="sun.jnu.encoding" value="UTF-8"/>
    <property name="java.class.path" value="/Users/saeyoon/Desktop/lectures/2020_S/testing/sat4j/org.sat4j.core/target/test-classes:/Users/saeyoon/Desktop/lectures/2020_S/testing/sat4j/org.sat4j.core/target/classes:/Users/saeyoon/.m2/repository/junit/junit/4.12/junit-4.12.jar:/Users/saeyoon/.m2/repository/org/hamcrest/hamcrest-core/1.3/hamcrest-core-1.3.jar:/Users/saeyoon/.m2/repository/org/mockito/mockito-all/1.9.5/mockito-all-1.9.5.jar:"/>
    <property name="java.vm.vendor" value="Oracle Corporation"/>
    <property name="sun.arch.data.model" value="64"/>
    <property name="java.vendor.url" value="https://java.oracle.com/"/>
    <property name="os.name" value="Mac OS X"/>
    <property name="java.vm.specification.version" value="12"/>
    <property name="sun.java.launcher" value="SUN_STANDARD"/>
    <property name="user.country" value="KR"/>
    <property name="test.pbprefix" value="/Users/saeyoon/Desktop/lectures/2020_S/testing/sat4j/org.sat4j.core/src/test/testfiles/"/>
    <property name="sun.boot.library.path" value="/Library/Java/JavaVirtualMachines/jdk-12.0.2.jdk/Contents/Home/lib"/>
    <property name="sun.java.command" value="/Users/saeyoon/Desktop/lectures/2020_S/testing/sat4j/org.sat4j.core/target/surefire/surefirebooter17880261106905426981.jar /Users/saeyoon/Desktop/lectures/2020_S/testing/sat4j/org.sat4j.core/target/surefire 2020-04-19T18-53-21_126-jvmRun1 surefire9083728286744114878tmp surefire_216127298491260523374tmp"/>
    <property name="http.nonProxyHosts" value="local|*.local|169.254/16|*.169.254/16|lx.astxsvc.com|*.lx.astxsvc.com"/>
    <property name="jdk.debug" value="release"/>
    <property name="surefire.test.class.path" value="/Users/saeyoon/Desktop/lectures/2020_S/testing/sat4j/org.sat4j.core/target/test-classes:/Users/saeyoon/Desktop/lectures/2020_S/testing/sat4j/org.sat4j.core/target/classes:/Users/saeyoon/.m2/repository/junit/junit/4.12/junit-4.12.jar:/Users/saeyoon/.m2/repository/org/hamcrest/hamcrest-core/1.3/hamcrest-core-1.3.jar:/Users/saeyoon/.m2/repository/org/mockito/mockito-all/1.9.5/mockito-all-1.9.5.jar:"/>
    <property name="sun.cpu.endian" value="little"/>
    <property name="user.home" value="/Users/saeyoon"/>
    <property name="user.language" value="ko"/>
    <property name="java.specification.vendor" value="Oracle Corporation"/>
    <property name="java.version.date" value="2019-07-16"/>
    <property name="java.home" value="/Library/Java/JavaVirtualMachines/jdk-12.0.2.jdk/Contents/Home"/>
    <property name="file.separator" value="/"/>
    <property name="basedir" value="/Users/saeyoon/Desktop/lectures/2020_S/testing/sat4j/org.sat4j.core"/>
    <property name="java.vm.compressedOopsMode" value="Zero based"/>
    <property name="line.separator" value="&#10;"/>
    <property name="java.vm.specification.vendor" value="Oracle Corporation"/>
    <property name="java.specification.name" value="Java Platform API Specification"/>
    <property name="java.awt.graphicsenv" value="sun.awt.CGraphicsEnvironment"/>
    <property name="test.prefix" value="/Users/saeyoon/Desktop/lectures/2020_S/testing/sat4j/org.sat4j.core/src/test/testfiles/"/>
    <property name="surefire.real.class.path" value="/Users/saeyoon/Desktop/lectures/2020_S/testing/sat4j/org.sat4j.core/target/surefire/surefirebooter17880261106905426981.jar"/>
    <property name="sun.management.compiler" value="HotSpot 64-Bit Tiered Compilers"/>
    <property name="ftp.nonProxyHosts" value="local|*.local|169.254/16|*.169.254/16|lx.astxsvc.com|*.lx.astxsvc.com"/>
    <property name="java.runtime.version" value="12.0.2+10"/>
    <property name="user.name" value="saeyoon"/>
    <property name="path.separator" value=":"/>
    <property name="os.version" value="10.14.6"/>
    <property name="java.runtime.name" value="Java(TM) SE Runtime Environment"/>
    <property name="file.encoding" value="UTF-8"/>
    <property name="java.vm.name" value="Java HotSpot(TM) 64-Bit Server VM"/>
    <property name="localRepository" value="/Users/saeyoon/.m2/repository"/>
    <property name="java.vendor.url.bug" value="https://bugreport.java.com/bugreport/"/>
    <property name="java.io.tmpdir" value="/var/folders/tg/kn48gbp90w1fbz5sjr7wn4g00000gn/T/"/>
    <property name="java.version" value="12.0.2"/>
    <property name="user.dir" value="/Users/saeyoon/Desktop/lectures/2020_S/testing/sat4j/org.sat4j.core"/>
    <property name="os.arch" value="x86_64"/>
    <property name="java.vm.specification.name" value="Java Virtual Machine Specification"/>
    <property name="java.library.path" value="/Users/saeyoon/Library/Java/Extensions:/Library/Java/Extensions:/Network/Library/Java/Extensions:/System/Library/Java/Extensions:/usr/lib/java:."/>
    <property name="java.vm.info" value="mixed mode, sharing"/>
    <property name="java.vendor" value="Oracle Corporation"/>
    <property name="java.vm.version" value="12.0.2+10"/>
    <property name="sun.io.unicode.encoding" value="UnicodeBig"/>
    <property name="socksNonProxyHosts" value="local|*.local|169.254/16|*.169.254/16|lx.astxsvc.com|*.lx.astxsvc.com"/>
    <property name="java.class.version" value="56.0"/>
  </properties>
  <testcase name="testAim50UNSAT1" classname="org.sat4j.minisat.M2AtLeastTest" time="0.003"/>
  <testcase name="testAim50UNSAT2" classname="org.sat4j.minisat.M2AtLeastTest" time="0.001"/>
  <testcase name="testAim50UNSAT3" classname="org.sat4j.minisat.M2AtLeastTest" time="0.001"/>
  <testcase name="testAim50UNSAT4" classname="org.sat4j.minisat.M2AtLeastTest" time="0.001"/>
  <testcase name="testAim50UNSAT5" classname="org.sat4j.minisat.M2AtLeastTest" time="0.001"/>
  <testcase name="testAim50UNSAT6" classname="org.sat4j.minisat.M2AtLeastTest" time="0.001"/>
  <testcase name="testAim50UNSAT7" classname="org.sat4j.minisat.M2AtLeastTest" time="0.001"/>
  <testcase name="testAim50UNSAT8" classname="org.sat4j.minisat.M2AtLeastTest" time="0.001"/>
  <testcase name="testIi1" classname="org.sat4j.minisat.M2AtLeastTest" time="0.001"/>
  <testcase name="testIi2" classname="org.sat4j.minisat.M2AtLeastTest" time="0.002"/>
  <testcase name="testIi3" classname="org.sat4j.minisat.M2AtLeastTest" time="0.002"/>
  <testcase name="testIi4" classname="org.sat4j.minisat.M2AtLeastTest" time="0.003"/>
  <testcase name="testIi5" classname="org.sat4j.minisat.M2AtLeastTest" time="0.004"/>
  <testcase name="testIi6" classname="org.sat4j.minisat.M2AtLeastTest" time="0.004"/>
  <testcase name="testIi7" classname="org.sat4j.minisat.M2AtLeastTest" time="0.007"/>
  <testcase name="testIi8" classname="org.sat4j.minisat.M2AtLeastTest" time="0.009"/>
  <testcase name="testIi9" classname="org.sat4j.minisat.M2AtLeastTest" time="0.003"/>
  <testcase name="testHole6" classname="org.sat4j.minisat.M2AtLeastTest" time="0.01"/>
  <testcase name="testHole7" classname="org.sat4j.minisat.M2AtLeastTest" time="0.061"/>
  <testcase name="testJNH10" classname="org.sat4j.minisat.M2AtLeastTest" time="0.001"/>
  <testcase name="testJNH11" classname="org.sat4j.minisat.M2AtLeastTest" time="0.004"/>
  <testcase name="testJNH12" classname="org.sat4j.minisat.M2AtLeastTest" time="0.001"/>
  <testcase name="testJNH13" classname="org.sat4j.minisat.M2AtLeastTest" time="0.002"/>
  <testcase name="testJNH14" classname="org.sat4j.minisat.M2AtLeastTest" time="0.001"/>
  <testcase name="testJNH15" classname="org.sat4j.minisat.M2AtLeastTest" time="0.002"/>
  <testcase name="testJNH16" classname="org.sat4j.minisat.M2AtLeastTest" time="0.012"/>
  <testcase name="testJNH17" classname="org.sat4j.minisat.M2AtLeastTest" time="0.001"/>
  <testcase name="testJNH18" classname="org.sat4j.minisat.M2AtLeastTest" time="0.003"/>
  <testcase name="testJNH19" classname="org.sat4j.minisat.M2AtLeastTest" time="0.002"/>
  <testcase name="testJNH20" classname="org.sat4j.minisat.M2AtLeastTest" time="0.003"/>
  <testcase name="testJNH21" classname="org.sat4j.minisat.M2AtLeastTest" time="0.001"/>
  <testcase name="testJNH22" classname="org.sat4j.minisat.M2AtLeastTest" time="0.001"/>
  <testcase name="testJNH23" classname="org.sat4j.minisat.M2AtLeastTest" time="0.003"/>
  <testcase name="testJNH24" classname="org.sat4j.minisat.M2AtLeastTest" time="0.002"/>
  <testcase name="testJNH25" classname="org.sat4j.minisat.M2AtLeastTest" time="0.002"/>
  <testcase name="testJNH26" classname="org.sat4j.minisat.M2AtLeastTest" time="0.002"/>
  <testcase name="testJNH27" classname="org.sat4j.minisat.M2AtLeastTest" time="0.002"/>
  <testcase name="testJNH28" classname="org.sat4j.minisat.M2AtLeastTest" time="0.002"/>
  <testcase name="testJNH29" classname="org.sat4j.minisat.M2AtLeastTest" time="0.002"/>
  <testcase name="testJNH30" classname="org.sat4j.minisat.M2AtLeastTest" time="0.001"/>
  <testcase name="testJNH31" classname="org.sat4j.minisat.M2AtLeastTest" time="0.002"/>
  <testcase name="testJNH32" classname="org.sat4j.minisat.M2AtLeastTest" time="0.006"/>
  <testcase name="testJNH33" classname="org.sat4j.minisat.M2AtLeastTest" time="0.002"/>
  <testcase name="testJNH34" classname="org.sat4j.minisat.M2AtLeastTest" time="0.001"/>
  <testcase name="testJNH35" classname="org.sat4j.minisat.M2AtLeastTest" time="0.002"/>
  <testcase name="testJNH36" classname="org.sat4j.minisat.M2AtLeastTest" time="0.002"/>
  <testcase name="testJNH37" classname="org.sat4j.minisat.M2AtLeastTest" time="0.001"/>
  <testcase name="testJNH38" classname="org.sat4j.minisat.M2AtLeastTest" time="0.001"/>
  <testcase name="testJNH39" classname="org.sat4j.minisat.M2AtLeastTest" time="0.002"/>
  <testcase name="testJNH40" classname="org.sat4j.minisat.M2AtLeastTest" time="0.003"/>
  <testcase name="testJNH41" classname="org.sat4j.minisat.M2AtLeastTest" time="0.002"/>
  <testcase name="testJNH42" classname="org.sat4j.minisat.M2AtLeastTest" time="0.002"/>
  <testcase name="testJNH43" classname="org.sat4j.minisat.M2AtLeastTest" time="0.002"/>
  <testcase name="testJNH44" classname="org.sat4j.minisat.M2AtLeastTest" time="0.001"/>
  <testcase name="testJNH45" classname="org.sat4j.minisat.M2AtLeastTest" time="0.002"/>
  <testcase name="testJNH46" classname="org.sat4j.minisat.M2AtLeastTest" time="0.004"/>
  <testcase name="testJNH47" classname="org.sat4j.minisat.M2AtLeastTest" time="0.002"/>
  <testcase name="testJNH48" classname="org.sat4j.minisat.M2AtLeastTest" time="0.003"/>
  <testcase name="testJNH49" classname="org.sat4j.minisat.M2AtLeastTest" time="0.002"/>
  <testcase name="testJNH50" classname="org.sat4j.minisat.M2AtLeastTest" time="0.001"/>
  <testcase name="testAim50SAT10" classname="org.sat4j.minisat.M2AtLeastTest" time="0.001"/>
  <testcase name="testAim50SAT11" classname="org.sat4j.minisat.M2AtLeastTest" time="0"/>
  <testcase name="testAim50SAT12" classname="org.sat4j.minisat.M2AtLeastTest" time="0.001"/>
  <testcase name="testAim50SAT13" classname="org.sat4j.minisat.M2AtLeastTest" time="0"/>
  <testcase name="testAim50SAT14" classname="org.sat4j.minisat.M2AtLeastTest" time="0.001"/>
  <testcase name="testAim50SAT15" classname="org.sat4j.minisat.M2AtLeastTest" time="0.001"/>
  <testcase name="testAim50SAT16" classname="org.sat4j.minisat.M2AtLeastTest" time="0"/>
  <testcase name="testIi10" classname="org.sat4j.minisat.M2AtLeastTest" time="0.006"/>
  <testcase name="testIi11" classname="org.sat4j.minisat.M2AtLeastTest" time="0.002"/>
  <testcase name="testIi12" classname="org.sat4j.minisat.M2AtLeastTest" time="0.004"/>
  <testcase name="testIi13" classname="org.sat4j.minisat.M2AtLeastTest" time="0.003"/>
  <testcase name="testIi14" classname="org.sat4j.minisat.M2AtLeastTest" time="0.004"/>
  <testcase name="testIi15" classname="org.sat4j.minisat.M2AtLeastTest" time="0.012"/>
  <testcase name="testIi16" classname="org.sat4j.minisat.M2AtLeastTest" time="0.026"/>
  <testcase name="testIi17" classname="org.sat4j.minisat.M2AtLeastTest" time="0.016"/>
  <testcase name="testIi18" classname="org.sat4j.minisat.M2AtLeastTest" time="0.013"/>
  <testcase name="testIi20" classname="org.sat4j.minisat.M2AtLeastTest" time="0.039"/>
  <testcase name="testIi21" classname="org.sat4j.minisat.M2AtLeastTest" time="0.01"/>
  <testcase name="testIi22" classname="org.sat4j.minisat.M2AtLeastTest" time="0.007"/>
  <testcase name="testIi23" classname="org.sat4j.minisat.M2AtLeastTest" time="0.011"/>
  <testcase name="testJNH1" classname="org.sat4j.minisat.M2AtLeastTest" time="0.001"/>
  <testcase name="testJNH2" classname="org.sat4j.minisat.M2AtLeastTest" time="0.001"/>
  <testcase name="testJNH3" classname="org.sat4j.minisat.M2AtLeastTest" time="0.004"/>
  <testcase name="testJNH4" classname="org.sat4j.minisat.M2AtLeastTest" time="0.001"/>
  <testcase name="testJNH5" classname="org.sat4j.minisat.M2AtLeastTest" time="0.002"/>
  <testcase name="testJNH6" classname="org.sat4j.minisat.M2AtLeastTest" time="0.002"/>
  <testcase name="testJNH7" classname="org.sat4j.minisat.M2AtLeastTest" time="0.001"/>
  <testcase name="testJNH8" classname="org.sat4j.minisat.M2AtLeastTest" time="0.002"/>
  <testcase name="testJNH9" classname="org.sat4j.minisat.M2AtLeastTest" time="0.002"/>
  <testcase name="testAim50SAT1" classname="org.sat4j.minisat.M2AtLeastTest" time="0"/>
  <testcase name="testAim50SAT2" classname="org.sat4j.minisat.M2AtLeastTest" time="0.001"/>
  <testcase name="testAim50SAT3" classname="org.sat4j.minisat.M2AtLeastTest" time="0"/>
  <testcase name="testAim50SAT4" classname="org.sat4j.minisat.M2AtLeastTest" time="0"/>
  <testcase name="testAim50SAT5" classname="org.sat4j.minisat.M2AtLeastTest" time="0.001"/>
  <testcase name="testAim50SAT6" classname="org.sat4j.minisat.M2AtLeastTest" time="0"/>
  <testcase name="testAim50SAT7" classname="org.sat4j.minisat.M2AtLeastTest" time="0.001"/>
  <testcase name="testAim50SAT8" classname="org.sat4j.minisat.M2AtLeastTest" time="0"/>
  <testcase name="testAim50SAT9" classname="org.sat4j.minisat.M2AtLeastTest" time="0.001"/>
</testsuite>