<?xml version="1.0" encoding="UTF-8"?>
<testsuite xmlns:xsi="http://www.w3.org/2001/XMLSchema-instance" xsi:noNamespaceSchemaLocation="https://maven.apache.org/surefire/maven-surefire-plugin/xsd/surefire-test-report.xsd" name="org.sat4j.pb.constraints.WatchedPBConstrWithPBConstrLearningTest" time="138.477" tests="53" errors="0" skipped="0" failures="0">
  <properties>
    <property name="awt.toolkit" value="sun.lwawt.macosx.LWCToolkit"/>
    <property name="java.specification.version" value="12"/>
    <property name="sun.jnu.encoding" value="UTF-8"/>
    <property name="java.class.path" value="/Users/saeyoon/Desktop/lectures/2020_S/testing/sat4j/org.sat4j.pb/target/test-classes:/Users/saeyoon/Desktop/lectures/2020_S/testing/sat4j/org.sat4j.pb/target/classes:/Users/saeyoon/Desktop/lectures/2020_S/testing/sat4j/org.sat4j.core/target/org.ow2.sat4j.core-2.3.6-SNAPSHOT.jar:/Users/saeyoon/.m2/repository/junit/junit/4.4/junit-4.4.jar:/Users/saeyoon/.m2/repository/org/mockito/mockito-all/1.9.5/mockito-all-1.9.5.jar:"/>
    <property name="java.vm.vendor" value="Oracle Corporation"/>
    <property name="sun.arch.data.model" value="64"/>
    <property name="java.vendor.url" value="https://java.oracle.com/"/>
    <property name="os.name" value="Mac OS X"/>
    <property name="java.vm.specification.version" value="12"/>
    <property name="sun.java.launcher" value="SUN_STANDARD"/>
    <property name="user.country" value="KR"/>
    <property name="test.pbprefix" value="/Users/saeyoon/Desktop/lectures/2020_S/testing/sat4j/org.sat4j.pb/src/test/testfiles/"/>
    <property name="sun.boot.library.path" value="/Library/Java/JavaVirtualMachines/jdk-12.0.2.jdk/Contents/Home/lib"/>
    <property name="sun.java.command" value="/Users/saeyoon/Desktop/lectures/2020_S/testing/sat4j/org.sat4j.pb/target/surefire/surefirebooter6498320587312987051.jar /Users/saeyoon/Desktop/lectures/2020_S/testing/sat4j/org.sat4j.pb/target/surefire 2020-04-14T00-07-07_218-jvmRun2 surefire3019465712600683157tmp surefire_54963036823222844327tmp"/>
    <property name="jdk.debug" value="release"/>
    <property name="surefire.test.class.path" value="/Users/saeyoon/Desktop/lectures/2020_S/testing/sat4j/org.sat4j.pb/target/test-classes:/Users/saeyoon/Desktop/lectures/2020_S/testing/sat4j/org.sat4j.pb/target/classes:/Users/saeyoon/Desktop/lectures/2020_S/testing/sat4j/org.sat4j.core/target/org.ow2.sat4j.core-2.3.6-SNAPSHOT.jar:/Users/saeyoon/.m2/repository/junit/junit/4.4/junit-4.4.jar:/Users/saeyoon/.m2/repository/org/mockito/mockito-all/1.9.5/mockito-all-1.9.5.jar:"/>
    <property name="sun.cpu.endian" value="little"/>
    <property name="user.home" value="/Users/saeyoon"/>
    <property name="user.language" value="ko"/>
    <property name="java.specification.vendor" value="Oracle Corporation"/>
    <property name="java.version.date" value="2019-07-16"/>
    <property name="java.home" value="/Library/Java/JavaVirtualMachines/jdk-12.0.2.jdk/Contents/Home"/>
    <property name="file.separator" value="/"/>
    <property name="basedir" value="/Users/saeyoon/Desktop/lectures/2020_S/testing/sat4j/org.sat4j.pb"/>
    <property name="java.vm.compressedOopsMode" value="Zero based"/>
    <property name="line.separator" value="&#10;"/>
    <property name="java.specification.name" value="Java Platform API Specification"/>
    <property name="java.vm.specification.vendor" value="Oracle Corporation"/>
    <property name="java.awt.graphicsenv" value="sun.awt.CGraphicsEnvironment"/>
    <property name="test.prefix" value="/Users/saeyoon/Desktop/lectures/2020_S/testing/sat4j/org.sat4j.pb/src/test/testfiles/"/>
    <property name="surefire.real.class.path" value="/Users/saeyoon/Desktop/lectures/2020_S/testing/sat4j/org.sat4j.pb/target/surefire/surefirebooter6498320587312987051.jar"/>
    <property name="sun.management.compiler" value="HotSpot 64-Bit Tiered Compilers"/>
    <property name="java.runtime.version" value="12.0.2+10"/>
    <property name="user.name" value="saeyoon"/>
    <property name="path.separator" value=":"/>
    <property name="os.version" value="10.14.6"/>
    <property name="java.runtime.name" value="Java(TM) SE Runtime Environment"/>
    <property name="file.encoding" value="UTF-8"/>
    <property name="java.vm.name" value="Java HotSpot(TM) 64-Bit Server VM"/>
    <property name="localRepository" value="/Users/saeyoon/.m2/repository"/>
    <property name="java.vendor.url.bug" value="https://bugreport.java.com/bugreport/"/>
    <property name="java.io.tmpdir" value="/var/folders/tg/kn48gbp90w1fbz5sjr7wn4g00000gn/T/"/>
    <property name="java.version" value="12.0.2"/>
    <property name="user.dir" value="/Users/saeyoon/Desktop/lectures/2020_S/testing/sat4j/org.sat4j.pb"/>
    <property name="os.arch" value="x86_64"/>
    <property name="java.vm.specification.name" value="Java Virtual Machine Specification"/>
    <property name="java.library.path" value="/Users/saeyoon/Library/Java/Extensions:/Library/Java/Extensions:/Network/Library/Java/Extensions:/System/Library/Java/Extensions:/usr/lib/java:."/>
    <property name="java.vm.info" value="mixed mode, sharing"/>
    <property name="java.vendor" value="Oracle Corporation"/>
    <property name="java.vm.version" value="12.0.2+10"/>
    <property name="sun.io.unicode.encoding" value="UnicodeBig"/>
    <property name="java.class.version" value="56.0"/>
  </properties>
  <testcase name="testaloul1525" classname="org.sat4j.pb.constraints.WatchedPBConstrWithPBConstrLearningTest" time="0.029"/>
  <testcase name="testaloul3031" classname="org.sat4j.pb.constraints.WatchedPBConstrWithPBConstrLearningTest" time="0.377"/>
  <testcase name="testncirc103" classname="org.sat4j.pb.constraints.WatchedPBConstrWithPBConstrLearningTest" time="65.54"/>
  <testcase name="testaloul4041" classname="org.sat4j.pb.constraints.WatchedPBConstrWithPBConstrLearningTest" time="1.306"/>
  <testcase name="testaloul2030" classname="org.sat4j.pb.constraints.WatchedPBConstrWithPBConstrLearningTest" time="0.026"/>
  <testcase name="testaloul5060" classname="org.sat4j.pb.constraints.WatchedPBConstrWithPBConstrLearningTest" time="0.496"/>
  <testcase name="testaloul1015" classname="org.sat4j.pb.constraints.WatchedPBConstrWithPBConstrLearningTest" time="0.003"/>
  <testcase name="testaloul3545" classname="org.sat4j.pb.constraints.WatchedPBConstrWithPBConstrLearningTest" time="0.134"/>
  <testcase name="testaloul2021" classname="org.sat4j.pb.constraints.WatchedPBConstrWithPBConstrLearningTest" time="0.05"/>
  <testcase name="testaloul3540" classname="org.sat4j.pb.constraints.WatchedPBConstrWithPBConstrLearningTest" time="0.112"/>
  <testcase name="testaloul4050" classname="org.sat4j.pb.constraints.WatchedPBConstrWithPBConstrLearningTest" time="0.253"/>
  <testcase name="testPN10" classname="org.sat4j.pb.constraints.WatchedPBConstrWithPBConstrLearningTest" time="0.003"/>
  <testcase name="testaloul5051" classname="org.sat4j.pb.constraints.WatchedPBConstrWithPBConstrLearningTest" time="3.844"/>
  <testcase name="testaloul3536" classname="org.sat4j.pb.constraints.WatchedPBConstrWithPBConstrLearningTest" time="0.648"/>
  <testcase name="testaloul4045" classname="org.sat4j.pb.constraints.WatchedPBConstrWithPBConstrLearningTest" time="0.168"/>
  <testcase name="testaloul5055" classname="org.sat4j.pb.constraints.WatchedPBConstrWithPBConstrLearningTest" time="0.385"/>
  <testcase name="testndata103" classname="org.sat4j.pb.constraints.WatchedPBConstrWithPBConstrLearningTest" time="63.233"/>
  <testcase name="testaloul3040" classname="org.sat4j.pb.constraints.WatchedPBConstrWithPBConstrLearningTest" time="0.079"/>
  <testcase name="testaloul1020" classname="org.sat4j.pb.constraints.WatchedPBConstrWithPBConstrLearningTest" time="0.004"/>
  <testcase name="testaloul2025" classname="org.sat4j.pb.constraints.WatchedPBConstrWithPBConstrLearningTest" time="0.016"/>
  <testcase name="testaloul1011" classname="org.sat4j.pb.constraints.WatchedPBConstrWithPBConstrLearningTest" time="0.003"/>
  <testcase name="testaloul3035" classname="org.sat4j.pb.constraints.WatchedPBConstrWithPBConstrLearningTest" time="0.077"/>
  <testcase name="testaloul1520" classname="org.sat4j.pb.constraints.WatchedPBConstrWithPBConstrLearningTest" time="0.007"/>
  <testcase name="testaloul1516" classname="org.sat4j.pb.constraints.WatchedPBConstrWithPBConstrLearningTest" time="0.014"/>
  <testcase name="testndata83" classname="org.sat4j.pb.constraints.WatchedPBConstrWithPBConstrLearningTest" time="0.654"/>
  <testcase name="testncirc63" classname="org.sat4j.pb.constraints.WatchedPBConstrWithPBConstrLearningTest" time="0.093"/>
  <testcase name="testncc" classname="org.sat4j.pb.constraints.WatchedPBConstrWithPBConstrLearningTest" time="0.003"/>
  <testcase name="testncirc43" classname="org.sat4j.pb.constraints.WatchedPBConstrWithPBConstrLearningTest" time="0.008"/>
  <testcase name="testndata43" classname="org.sat4j.pb.constraints.WatchedPBConstrWithPBConstrLearningTest" time="0.008"/>
  <testcase name="testn9symml" classname="org.sat4j.pb.constraints.WatchedPBConstrWithPBConstrLearningTest" time="0.027"/>
  <testcase name="testnC17" classname="org.sat4j.pb.constraints.WatchedPBConstrWithPBConstrLearningTest" time="0.001"/>
  <testcase name="testnc8" classname="org.sat4j.pb.constraints.WatchedPBConstrWithPBConstrLearningTest" time="0.006"/>
  <testcase name="testnb1" classname="org.sat4j.pb.constraints.WatchedPBConstrWithPBConstrLearningTest" time="0.001"/>
  <testcase name="testncirc83" classname="org.sat4j.pb.constraints.WatchedPBConstrWithPBConstrLearningTest" time="0.687"/>
  <testcase name="testndata63" classname="org.sat4j.pb.constraints.WatchedPBConstrWithPBConstrLearningTest" time="0.098"/>
  <testcase name="testnmyadder" classname="org.sat4j.pb.constraints.WatchedPBConstrWithPBConstrLearningTest" time="0.017"/>
  <testcase name="testnC432" classname="org.sat4j.pb.constraints.WatchedPBConstrWithPBConstrLearningTest" time="0.025"/>
  <testcase name="testnmux" classname="org.sat4j.pb.constraints.WatchedPBConstrWithPBConstrLearningTest" time="0.008"/>
  <testcase name="testncm42a" classname="org.sat4j.pb.constraints.WatchedPBConstrWithPBConstrLearningTest" time="0.002"/>
  <testcase name="testncmb" classname="org.sat4j.pb.constraints.WatchedPBConstrWithPBConstrLearningTest" time="0.011"/>
  <testcase name="testPN89" classname="org.sat4j.pb.constraints.WatchedPBConstrWithPBConstrLearningTest" time="0.001"/>
  <testcase name="testPN8" classname="org.sat4j.pb.constraints.WatchedPBConstrWithPBConstrLearningTest" time="0.001"/>
  <testcase name="testPN6" classname="org.sat4j.pb.constraints.WatchedPBConstrWithPBConstrLearningTest" time="0.001"/>
  <testcase name="testPN5" classname="org.sat4j.pb.constraints.WatchedPBConstrWithPBConstrLearningTest" time="0.001"/>
  <testcase name="testPN910" classname="org.sat4j.pb.constraints.WatchedPBConstrWithPBConstrLearningTest" time="0.001"/>
  <testcase name="testPN67" classname="org.sat4j.pb.constraints.WatchedPBConstrWithPBConstrLearningTest" time="0.002"/>
  <testcase name="testPN78" classname="org.sat4j.pb.constraints.WatchedPBConstrWithPBConstrLearningTest" time="0.001"/>
  <testcase name="testPN4" classname="org.sat4j.pb.constraints.WatchedPBConstrWithPBConstrLearningTest" time="0.001"/>
  <testcase name="testPN56" classname="org.sat4j.pb.constraints.WatchedPBConstrWithPBConstrLearningTest" time="0"/>
  <testcase name="testPN7" classname="org.sat4j.pb.constraints.WatchedPBConstrWithPBConstrLearningTest" time="0.002"/>
  <testcase name="testPN34" classname="org.sat4j.pb.constraints.WatchedPBConstrWithPBConstrLearningTest" time="0"/>
  <testcase name="testPN45" classname="org.sat4j.pb.constraints.WatchedPBConstrWithPBConstrLearningTest" time="0.001"/>
  <testcase name="testPN9" classname="org.sat4j.pb.constraints.WatchedPBConstrWithPBConstrLearningTest" time="0.002"/>
</testsuite>