<?xml version="1.0" encoding="UTF-8"?>
<testsuite xmlns:xsi="http://www.w3.org/2001/XMLSchema-instance" xsi:noNamespaceSchemaLocation="https://maven.apache.org/surefire/maven-surefire-plugin/xsd/surefire-test-report.xsd" name="org.sat4j.pb.BugSAT34" time="3.484" tests="82" errors="0" skipped="0" failures="0">
  <properties>
    <property name="awt.toolkit" value="sun.lwawt.macosx.LWCToolkit"/>
    <property name="java.specification.version" value="12"/>
    <property name="sun.jnu.encoding" value="UTF-8"/>
    <property name="java.class.path" value="/Users/saeyoon/Desktop/lectures/2020_S/testing/sat4j/org.sat4j.pb/target/test-classes:/Users/saeyoon/Desktop/lectures/2020_S/testing/sat4j/org.sat4j.pb/target/classes:/Users/saeyoon/Desktop/lectures/2020_S/testing/sat4j/org.sat4j.core/target/org.ow2.sat4j.core-2.3.6-SNAPSHOT.jar:/Users/saeyoon/.m2/repository/junit/junit/4.4/junit-4.4.jar:/Users/saeyoon/.m2/repository/org/mockito/mockito-all/1.9.5/mockito-all-1.9.5.jar:"/>
    <property name="java.vm.vendor" value="Oracle Corporation"/>
    <property name="sun.arch.data.model" value="64"/>
    <property name="java.vendor.url" value="https://java.oracle.com/"/>
    <property name="os.name" value="Mac OS X"/>
    <property name="java.vm.specification.version" value="12"/>
    <property name="sun.java.launcher" value="SUN_STANDARD"/>
    <property name="user.country" value="KR"/>
    <property name="test.pbprefix" value="/Users/saeyoon/Desktop/lectures/2020_S/testing/sat4j/org.sat4j.pb/src/test/testfiles/"/>
    <property name="sun.boot.library.path" value="/Library/Java/JavaVirtualMachines/jdk-12.0.2.jdk/Contents/Home/lib"/>
    <property name="sun.java.command" value="/Users/saeyoon/Desktop/lectures/2020_S/testing/sat4j/org.sat4j.pb/target/surefire/surefirebooter5291047691308263289.jar /Users/saeyoon/Desktop/lectures/2020_S/testing/sat4j/org.sat4j.pb/target/surefire 2020-04-14T00-07-07_218-jvmRun3 surefire4296675427965468575tmp surefire_32762631724254854604tmp"/>
    <property name="jdk.debug" value="release"/>
    <property name="surefire.test.class.path" value="/Users/saeyoon/Desktop/lectures/2020_S/testing/sat4j/org.sat4j.pb/target/test-classes:/Users/saeyoon/Desktop/lectures/2020_S/testing/sat4j/org.sat4j.pb/target/classes:/Users/saeyoon/Desktop/lectures/2020_S/testing/sat4j/org.sat4j.core/target/org.ow2.sat4j.core-2.3.6-SNAPSHOT.jar:/Users/saeyoon/.m2/repository/junit/junit/4.4/junit-4.4.jar:/Users/saeyoon/.m2/repository/org/mockito/mockito-all/1.9.5/mockito-all-1.9.5.jar:"/>
    <property name="sun.cpu.endian" value="little"/>
    <property name="user.home" value="/Users/saeyoon"/>
    <property name="user.language" value="ko"/>
    <property name="java.specification.vendor" value="Oracle Corporation"/>
    <property name="java.version.date" value="2019-07-16"/>
    <property name="java.home" value="/Library/Java/JavaVirtualMachines/jdk-12.0.2.jdk/Contents/Home"/>
    <property name="file.separator" value="/"/>
    <property name="basedir" value="/Users/saeyoon/Desktop/lectures/2020_S/testing/sat4j/org.sat4j.pb"/>
    <property name="java.vm.compressedOopsMode" value="Zero based"/>
    <property name="line.separator" value="&#10;"/>
    <property name="java.specification.name" value="Java Platform API Specification"/>
    <property name="java.vm.specification.vendor" value="Oracle Corporation"/>
    <property name="java.awt.graphicsenv" value="sun.awt.CGraphicsEnvironment"/>
    <property name="test.prefix" value="/Users/saeyoon/Desktop/lectures/2020_S/testing/sat4j/org.sat4j.pb/src/test/testfiles/"/>
    <property name="surefire.real.class.path" value="/Users/saeyoon/Desktop/lectures/2020_S/testing/sat4j/org.sat4j.pb/target/surefire/surefirebooter5291047691308263289.jar"/>
    <property name="sun.management.compiler" value="HotSpot 64-Bit Tiered Compilers"/>
    <property name="java.runtime.version" value="12.0.2+10"/>
    <property name="user.name" value="saeyoon"/>
    <property name="path.separator" value=":"/>
    <property name="os.version" value="10.14.6"/>
    <property name="java.runtime.name" value="Java(TM) SE Runtime Environment"/>
    <property name="file.encoding" value="UTF-8"/>
    <property name="java.vm.name" value="Java HotSpot(TM) 64-Bit Server VM"/>
    <property name="localRepository" value="/Users/saeyoon/.m2/repository"/>
    <property name="java.vendor.url.bug" value="https://bugreport.java.com/bugreport/"/>
    <property name="java.io.tmpdir" value="/var/folders/tg/kn48gbp90w1fbz5sjr7wn4g00000gn/T/"/>
    <property name="java.version" value="12.0.2"/>
    <property name="user.dir" value="/Users/saeyoon/Desktop/lectures/2020_S/testing/sat4j/org.sat4j.pb"/>
    <property name="os.arch" value="x86_64"/>
    <property name="java.vm.specification.name" value="Java Virtual Machine Specification"/>
    <property name="java.library.path" value="/Users/saeyoon/Library/Java/Extensions:/Library/Java/Extensions:/Network/Library/Java/Extensions:/System/Library/Java/Extensions:/usr/lib/java:."/>
    <property name="java.vm.info" value="mixed mode, sharing"/>
    <property name="java.vendor" value="Oracle Corporation"/>
    <property name="java.vm.version" value="12.0.2+10"/>
    <property name="sun.io.unicode.encoding" value="UnicodeBig"/>
    <property name="java.class.version" value="56.0"/>
  </properties>
  <testcase name="testUnitClause[0]" classname="org.sat4j.pb.BugSAT34" time="1.066"/>
  <testcase name="testUnitClause[1]" classname="org.sat4j.pb.BugSAT34" time="1.005"/>
  <testcase name="testUnitClause[2]" classname="org.sat4j.pb.BugSAT34" time="0.001"/>
  <testcase name="testUnitClause[3]" classname="org.sat4j.pb.BugSAT34" time="0.001"/>
  <testcase name="testUnitClause[4]" classname="org.sat4j.pb.BugSAT34" time="0.001"/>
  <testcase name="testUnitClause[5]" classname="org.sat4j.pb.BugSAT34" time="0.001"/>
  <testcase name="testUnitClause[6]" classname="org.sat4j.pb.BugSAT34" time="0"/>
  <testcase name="testUnitClause[7]" classname="org.sat4j.pb.BugSAT34" time="0"/>
  <testcase name="testUnitClause[8]" classname="org.sat4j.pb.BugSAT34" time="0"/>
  <testcase name="testUnitClause[9]" classname="org.sat4j.pb.BugSAT34" time="0"/>
  <testcase name="testUnitClause[10]" classname="org.sat4j.pb.BugSAT34" time="0.001"/>
  <testcase name="testUnitClause[11]" classname="org.sat4j.pb.BugSAT34" time="0.001"/>
  <testcase name="testUnitClause[12]" classname="org.sat4j.pb.BugSAT34" time="0.001"/>
  <testcase name="testUnitClause[13]" classname="org.sat4j.pb.BugSAT34" time="0.001"/>
  <testcase name="testUnitClause[14]" classname="org.sat4j.pb.BugSAT34" time="0.001"/>
  <testcase name="testUnitClause[15]" classname="org.sat4j.pb.BugSAT34" time="0.001"/>
  <testcase name="testUnitClause[16]" classname="org.sat4j.pb.BugSAT34" time="0.001"/>
  <testcase name="testUnitClause[17]" classname="org.sat4j.pb.BugSAT34" time="0.001"/>
  <testcase name="testUnitClause[18]" classname="org.sat4j.pb.BugSAT34" time="0.001"/>
  <testcase name="testUnitClause[19]" classname="org.sat4j.pb.BugSAT34" time="0.001"/>
  <testcase name="testUnitClause[20]" classname="org.sat4j.pb.BugSAT34" time="0.001"/>
  <testcase name="testUnitClause[21]" classname="org.sat4j.pb.BugSAT34" time="0.001"/>
  <testcase name="testUnitClause[22]" classname="org.sat4j.pb.BugSAT34" time="0.001"/>
  <testcase name="testUnitClause[23]" classname="org.sat4j.pb.BugSAT34" time="0"/>
  <testcase name="testUnitClause[24]" classname="org.sat4j.pb.BugSAT34" time="0.001"/>
  <testcase name="testUnitClause[25]" classname="org.sat4j.pb.BugSAT34" time="0.001"/>
  <testcase name="testUnitClause[26]" classname="org.sat4j.pb.BugSAT34" time="0.001"/>
  <testcase name="testUnitClause[27]" classname="org.sat4j.pb.BugSAT34" time="0.001"/>
  <testcase name="testUnitClause[28]" classname="org.sat4j.pb.BugSAT34" time="0.001"/>
  <testcase name="testUnitClause[29]" classname="org.sat4j.pb.BugSAT34" time="0.001"/>
  <testcase name="testUnitClause[30]" classname="org.sat4j.pb.BugSAT34" time="0.001"/>
  <testcase name="testUnitClause[31]" classname="org.sat4j.pb.BugSAT34" time="0"/>
  <testcase name="testUnitClause[32]" classname="org.sat4j.pb.BugSAT34" time="0.001"/>
  <testcase name="testUnitClause[33]" classname="org.sat4j.pb.BugSAT34" time="0.001"/>
  <testcase name="testUnitClause[34]" classname="org.sat4j.pb.BugSAT34" time="0.001"/>
  <testcase name="testUnitClause[35]" classname="org.sat4j.pb.BugSAT34" time="0"/>
  <testcase name="testUnitClause[36]" classname="org.sat4j.pb.BugSAT34" time="0.001"/>
  <testcase name="testUnitClause[37]" classname="org.sat4j.pb.BugSAT34" time="0.001"/>
  <testcase name="testUnitClause[38]" classname="org.sat4j.pb.BugSAT34" time="0"/>
  <testcase name="testUnitClause[39]" classname="org.sat4j.pb.BugSAT34" time="0.001"/>
  <testcase name="testUnitClause[40]" classname="org.sat4j.pb.BugSAT34" time="0"/>
  <testcase name="testUnitClause[41]" classname="org.sat4j.pb.BugSAT34" time="0.001"/>
  <testcase name="testUnitClause[42]" classname="org.sat4j.pb.BugSAT34" time="0"/>
  <testcase name="testUnitClause[43]" classname="org.sat4j.pb.BugSAT34" time="0.001"/>
  <testcase name="testUnitClause[44]" classname="org.sat4j.pb.BugSAT34" time="0"/>
  <testcase name="testUnitClause[45]" classname="org.sat4j.pb.BugSAT34" time="0.001"/>
  <testcase name="testUnitClause[46]" classname="org.sat4j.pb.BugSAT34" time="0.004"/>
  <testcase name="testUnitClause[47]" classname="org.sat4j.pb.BugSAT34" time="0"/>
  <testcase name="testUnitClause[48]" classname="org.sat4j.pb.BugSAT34" time="0"/>
  <testcase name="testUnitClause[49]" classname="org.sat4j.pb.BugSAT34" time="0"/>
  <testcase name="testUnitClause[50]" classname="org.sat4j.pb.BugSAT34" time="0"/>
  <testcase name="testUnitClause[51]" classname="org.sat4j.pb.BugSAT34" time="0"/>
  <testcase name="testUnitClause[52]" classname="org.sat4j.pb.BugSAT34" time="0"/>
  <testcase name="testUnitClause[53]" classname="org.sat4j.pb.BugSAT34" time="0"/>
  <testcase name="testUnitClause[54]" classname="org.sat4j.pb.BugSAT34" time="0"/>
  <testcase name="testUnitClause[55]" classname="org.sat4j.pb.BugSAT34" time="0.001"/>
  <testcase name="testUnitClause[56]" classname="org.sat4j.pb.BugSAT34" time="0"/>
  <testcase name="testUnitClause[57]" classname="org.sat4j.pb.BugSAT34" time="0.001"/>
  <testcase name="testUnitClause[58]" classname="org.sat4j.pb.BugSAT34" time="0"/>
  <testcase name="testUnitClause[59]" classname="org.sat4j.pb.BugSAT34" time="0.001"/>
  <testcase name="testUnitClause[60]" classname="org.sat4j.pb.BugSAT34" time="0"/>
  <testcase name="testUnitClause[61]" classname="org.sat4j.pb.BugSAT34" time="0.001"/>
  <testcase name="testUnitClause[62]" classname="org.sat4j.pb.BugSAT34" time="0"/>
  <testcase name="testUnitClause[63]" classname="org.sat4j.pb.BugSAT34" time="0.001"/>
  <testcase name="testUnitClause[64]" classname="org.sat4j.pb.BugSAT34" time="0"/>
  <testcase name="testUnitClause[65]" classname="org.sat4j.pb.BugSAT34" time="0.001"/>
  <testcase name="testUnitClause[66]" classname="org.sat4j.pb.BugSAT34" time="0"/>
  <testcase name="testUnitClause[67]" classname="org.sat4j.pb.BugSAT34" time="0.001"/>
  <testcase name="testUnitClause[68]" classname="org.sat4j.pb.BugSAT34" time="0"/>
  <testcase name="testUnitClause[69]" classname="org.sat4j.pb.BugSAT34" time="0.001"/>
  <testcase name="testUnitClause[70]" classname="org.sat4j.pb.BugSAT34" time="0"/>
  <testcase name="testUnitClause[71]" classname="org.sat4j.pb.BugSAT34" time="0.001"/>
  <testcase name="testUnitClause[72]" classname="org.sat4j.pb.BugSAT34" time="0"/>
  <testcase name="testUnitClause[73]" classname="org.sat4j.pb.BugSAT34" time="0.001"/>
  <testcase name="testUnitClause[74]" classname="org.sat4j.pb.BugSAT34" time="0"/>
  <testcase name="testUnitClause[75]" classname="org.sat4j.pb.BugSAT34" time="0.001"/>
  <testcase name="testUnitClause[76]" classname="org.sat4j.pb.BugSAT34" time="0"/>
  <testcase name="testUnitClause[77]" classname="org.sat4j.pb.BugSAT34" time="0.001"/>
  <testcase name="testUnitClause[78]" classname="org.sat4j.pb.BugSAT34" time="0"/>
  <testcase name="testUnitClause[79]" classname="org.sat4j.pb.BugSAT34" time="1.008"/>
  <testcase name="testUnitClause[80]" classname="org.sat4j.pb.BugSAT34" time="0.001"/>
  <testcase name="testUnitClause[81]" classname="org.sat4j.pb.BugSAT34" time="0"/>
</testsuite>